<?xml version="1.0" encoding="UTF-8"?>
<testng-results ignored="0" total="1" passed="1" failed="0" skipped="0">
  <reporter-output>
  </reporter-output>
  <suite started-at="2018-06-12T22:12:05Z" name="Default suite" finished-at="2018-06-12T22:12:06Z" duration-ms="521">
    <groups>
      <group name="cucumber">
        <method signature="TestRunner.feature(cucumber.api.testng.CucumberFeatureWrapper)[pri:0, instance:TestRunner@1329eff]" name="feature" class="TestRunner"/>
      </group> <!-- cucumber -->
    </groups>
    <test started-at="2018-06-12T22:12:05Z" name="Default test" finished-at="2018-06-12T22:12:06Z" duration-ms="521">
      <class name="TestRunner">
        <test-method is-config="true" signature="setUpClass()[pri:0, instance:TestRunner@1329eff]" started-at="2018-06-12T22:12:05Z" name="setUpClass" finished-at="2018-06-12T22:12:05Z" duration-ms="225" status="PASS">
          <reporter-output>
          </reporter-output>
        </test-method> <!-- setUpClass -->
        <test-method signature="feature(cucumber.api.testng.CucumberFeatureWrapper)[pri:0, instance:TestRunner@1329eff]" started-at="2018-06-12T22:12:06Z" name="feature" description="Runs Cucumber Feature" data-provider="features" finished-at="2018-06-12T22:12:06Z" duration-ms="168" status="PASS">
          <params>
            <param index="0">
              <value>
                <![CDATA[Login]]>
              </value>
            </param>
          </params>
          <reporter-output>
          </reporter-output>
        </test-method> <!-- feature -->
        <test-method is-config="true" signature="tearDownClass()[pri:0, instance:TestRunner@1329eff]" started-at="2018-06-12T22:12:06Z" name="tearDownClass" finished-at="2018-06-12T22:12:06Z" duration-ms="19" status="PASS">
          <reporter-output>
          </reporter-output>
        </test-method> <!-- tearDownClass -->
      </class> <!-- TestRunner -->
    </test> <!-- Default test -->
  </suite> <!-- Default suite -->
</testng-results>
